[2024-12-19 10:55:23,963] 23 root - INFO - Data Ingestion Started
[2024-12-19 10:55:23,982] 36 root - INFO - Dataset loaded successfully with shape: (1030, 9)
[2024-12-19 10:55:23,999] 41 root - INFO - Successfully saved raw data to Artifacts folder.
[2024-12-19 10:55:23,999] 44 root - INFO - Performing train-test split.
[2024-12-19 10:55:24,010] 50 root - INFO - Train-test split completed successfully.
[2024-12-19 10:55:24,023] 55 root - INFO - Successfully saved train and test data to Artifacts folder.
[2024-12-19 10:55:24,024] 57 root - INFO - Data ingestion completed successfully.
[2024-12-19 10:55:24,024] 58 root - INFO - Outlier detection started
[2024-12-19 10:55:24,035] 68 root - INFO - Outliers removed: 72 rows removed.
[2024-12-19 10:55:24,035] 58 root - INFO - Outlier detection started
[2024-12-19 10:55:24,041] 68 root - INFO - Outliers removed: 27 rows removed.
[2024-12-19 10:55:24,043] 92 root - INFO - Feature columns detected: ['cement', 'blast_furnace_slag', 'fly_ash', 'water', 'superplasticizer', 'coarse_aggregate', 'fine_aggregate ', 'age']
[2024-12-19 10:55:24,048] 101 root - INFO - Input training data shape: (700, 8)
[2024-12-19 10:55:24,048] 102 root - INFO - Input testing data shape: (231, 8)
[2024-12-19 10:55:24,049] 32 root - INFO - Data transformation started
[2024-12-19 10:55:24,049] 40 root - INFO - Preprocessing pipeline created.
[2024-12-19 10:55:24,061] 109 root - INFO - Applying preprocessing on train and test datasets
[2024-12-19 10:55:24,065] 122 root - INFO - Preprocessor object saved at: Artifacts\preprocessor.pkl
[2024-12-19 10:55:24,065] 23 root - INFO - Splitting dependent and independent variables from the transformed data
[2024-12-19 10:55:26,262] 56 root - INFO -  Performance: RMSE=5.24, MAE=3.41, R²=90.08%
[2024-12-19 10:55:26,362] 62 root - INFO - Model Traning sussecfully complete the  score of  model Performance: RMSE=5.24
