[2024-12-19 18:22:03,032] 23 root - INFO - Data Ingestion Started
[2024-12-19 18:22:03,048] 36 root - INFO - Dataset loaded successfully with shape: (1030, 9)
[2024-12-19 18:22:03,058] 41 root - INFO - Successfully saved raw data to Artifacts folder.
[2024-12-19 18:22:03,059] 44 root - INFO - Performing train-test split.
[2024-12-19 18:22:03,062] 50 root - INFO - Train-test split completed successfully.
[2024-12-19 18:22:03,070] 55 root - INFO - Successfully saved train and test data to Artifacts folder.
[2024-12-19 18:22:03,070] 57 root - INFO - Data ingestion completed successfully.
[2024-12-19 18:22:03,071] 58 root - INFO - Outlier detection started
[2024-12-19 18:22:03,075] 68 root - INFO - Outliers removed: 72 rows removed.
[2024-12-19 18:22:03,076] 58 root - INFO - Outlier detection started
[2024-12-19 18:22:03,080] 68 root - INFO - Outliers removed: 27 rows removed.
[2024-12-19 18:22:03,080] 92 root - INFO - Feature columns detected: ['cement', 'blast_furnace_slag', 'fly_ash', 'water', 'superplasticizer', 'coarse_aggregate', 'fine_aggregate ', 'age']
[2024-12-19 18:22:03,082] 101 root - INFO - Input training data shape: (700, 8)
[2024-12-19 18:22:03,083] 102 root - INFO - Input testing data shape: (231, 8)
[2024-12-19 18:22:03,083] 32 root - INFO - Data transformation started
[2024-12-19 18:22:03,083] 40 root - INFO - Preprocessing pipeline created.
[2024-12-19 18:22:03,090] 109 root - INFO - Applying preprocessing on train and test datasets
[2024-12-19 18:22:03,094] 122 root - INFO - Preprocessor object saved at: Artifacts\preprocessor.pkl
[2024-12-19 18:22:03,094] 28 root - INFO - Splitting dependent and independent variables from the transformed data
[2024-12-19 18:22:04,737] 60 root - INFO - Performance: RMSE=5.30, MAE=3.45, R²=89.84%
[2024-12-19 18:22:04,781] 65 root - INFO - Model training completed successfully. Model performance: R²=89.84%
