[2024-12-28 09:25:14,659] 23 root - INFO - Data Ingestion Started
[2024-12-28 09:25:14,691] 36 root - INFO - Dataset loaded successfully with shape: (1030, 9)
[2024-12-28 09:25:14,691] 39 root - INFO - Cleaning column names by stripping whitespaces.
[2024-12-28 09:25:14,708] 46 root - INFO - Successfully saved raw data to Artifacts folder.
[2024-12-28 09:25:14,709] 49 root - INFO - Performing train-test split.
[2024-12-28 09:25:14,716] 55 root - INFO - Train-test split completed successfully.
[2024-12-28 09:25:14,736] 60 root - INFO - Successfully saved train and test data to Artifacts folder.
[2024-12-28 09:25:14,736] 62 root - INFO - Data ingestion completed successfully.
[2024-12-28 09:25:14,736] 58 root - INFO - Outlier detection started
[2024-12-28 09:25:14,759] 68 root - INFO - Outliers removed: 72 rows removed.
[2024-12-28 09:25:14,759] 58 root - INFO - Outlier detection started
[2024-12-28 09:25:14,772] 68 root - INFO - Outliers removed: 27 rows removed.
[2024-12-28 09:25:14,774] 92 root - INFO - Feature columns detected: ['cement', 'blast_furnace_slag', 'fly_ash', 'water', 'superplasticizer', 'coarse_aggregate', 'fine_aggregate', 'age']
[2024-12-28 09:25:14,782] 101 root - INFO - Input training data shape: (700, 8)
[2024-12-28 09:25:14,782] 102 root - INFO - Input testing data shape: (231, 8)
[2024-12-28 09:25:14,782] 32 root - INFO - Data transformation started
[2024-12-28 09:25:14,783] 40 root - INFO - Preprocessing pipeline created.
[2024-12-28 09:25:14,831] 109 root - INFO - Applying preprocessing on train and test datasets
[2024-12-28 09:25:14,834] 122 root - INFO - Preprocessor object saved at: Artifacts\preprocessor.pkl
[2024-12-28 09:25:14,835] 28 root - INFO - Splitting dependent and independent variables from the transformed data
[2024-12-28 09:25:16,828] 60 root - INFO - Performance: RMSE=5.27, MAE=3.42, R²=89.96%
[2024-12-28 09:25:16,891] 65 root - INFO - Model training completed successfully. Model performance: R²=89.96%
